predict list [3.258542431343865e-34, 1.1730878580233519e-26, 1.0] the prediction is 2 ,corresponding animal is other animal

predict list [1.5012648098506557e-36, 1.5360887517226114e-26, 1.0] the prediction is 2 ,corresponding animal is other animal

predict list [3.194507519872526e-25, 1.2618796956448425e-20, 1.0] the prediction is 2 ,corresponding animal is other animal

predict list [3.307935019358035e-36, 7.155687384076941e-29, 1.0] the prediction is 2 ,corresponding animal is other animal

predict list [1.1291358102983539e-37, 1.3757023446024317e-33, 1.0] the prediction is 2 ,corresponding animal is other animal

predict list [2.6638410709323477e-18, 2.764140442517159e-18, 1.0] the prediction is 2 ,corresponding animal is other animal

predict list [8.01768141827741e-16, 1.7526737981950202e-14, 1.0] the prediction is 2 ,corresponding animal is other animal

predict list [1.3080106730651755e-18, 2.8506807018966384e-15, 1.0] the prediction is 2 ,corresponding animal is other animal

predict list [5.231041155795424e-10, 2.2485279416173398e-08, 1.0] the prediction is 2 ,corresponding animal is other animal

predict list [0.0, 0.0, 1.0] the prediction is 2 ,corresponding animal is other animal

predict list [0.0, 0.0, 1.0] the prediction is 2 ,corresponding animal is other animal

predict list [0.9999935626983643, 2.6331934410706026e-09, 6.489452971436549e-06] the prediction is 0 ,corresponding animal is cat

predict list [1.967151911230758e-05, 0.0006197349284775555, 0.9993606209754944] the prediction is 2 ,corresponding animal is other animal

predict list [0.0, 0.0, 1.0] the prediction is 2 ,corresponding animal is other animal

predict list [0.0, 0.0, 1.0] the prediction is 2 ,corresponding animal is other animal

predict list [0.0, 0.0, 1.0] the prediction is 2 ,corresponding animal is other animal

predict list [0.0, 0.0, 1.0] the prediction is 2 ,corresponding animal is other animal

predict list [0.0, 0.0, 1.0] the prediction is 2 ,corresponding animal is other animal

predict list [0.0, 0.0, 1.0] the prediction is 2 ,corresponding animal is other animal

predict list [0.0, 0.0, 1.0] the prediction is 2 ,corresponding animal is other animal

predict list [0.0, 0.0, 1.0] the prediction is 2 ,corresponding animal is other animal

predict list [0.0, 0.0, 1.0] the prediction is 2 ,corresponding animal is other animal

predict list [6.622213564596282e-24, 1.234661222673041e-22, 1.0] the prediction is 2 ,corresponding animal is other animal

predict list [0.0, 0.0, 1.0] the prediction is 2 ,corresponding animal is other animal

predict list [0.0, 1.7747304920827376e-40, 1.0] the prediction is 2 ,corresponding animal is other animal

predict list [0.0, 6.445972935894159e-44, 1.0] the prediction is 2 ,corresponding animal is other animal

predict list [1.7061284572009255e-35, 1.8899735846419107e-29, 1.0] the prediction is 2 ,corresponding animal is other animal

predict list [5.750227062028817e-33, 2.8655784531161353e-27, 1.0] the prediction is 2 ,corresponding animal is other animal

predict list [1.3291194951616674e-35, 5.605735437132416e-28, 1.0] the prediction is 2 ,corresponding animal is other animal

predict list [1.3625260814872709e-32, 4.027478121869355e-27, 1.0] the prediction is 2 ,corresponding animal is other animal

predict list [7.325899436273749e-32, 1.2242803239477686e-25, 1.0] the prediction is 2 ,corresponding animal is other animal

predict list [2.8618024166566894e-32, 1.0798090619152516e-26, 1.0] the prediction is 2 ,corresponding animal is other animal

predict list [1.2536183482264098e-34, 1.6340346538649453e-27, 1.0] the prediction is 2 ,corresponding animal is other animal

predict list [3.2678645377644925e-35, 2.832214990910532e-27, 1.0] the prediction is 2 ,corresponding animal is other animal

predict list [3.9742814292071153e-39, 1.9874698948392246e-31, 1.0] the prediction is 2 ,corresponding animal is other animal

predict list [4.1146645912704116e-07, 9.514636758467532e-07, 0.9999986886978149] the prediction is 2 ,corresponding animal is other animal

predict list [1.8143211932830638e-10, 7.575270966064807e-11, 1.0] the prediction is 2 ,corresponding animal is other animal

predict list [3.332187634543307e-14, 2.9072440635435903e-11, 1.0] the prediction is 2 ,corresponding animal is other animal

predict list [5.631272358141981e-13, 2.7194448475324935e-14, 1.0] the prediction is 2 ,corresponding animal is other animal

predict list [1.9721894522527646e-18, 8.82387784008159e-19, 1.0] the prediction is 2 ,corresponding animal is other animal

predict list [2.2143113215592122e-29, 4.648093298057973e-15, 1.0] the prediction is 2 ,corresponding animal is other animal

predict list [2.5885588911478408e-05, 0.00023478185175918043, 0.9997393488883972] the prediction is 2 ,corresponding animal is other animal

predict list [1.2633754488649006e-16, 4.979203241700007e-16, 1.0] the prediction is 2 ,corresponding animal is other animal

predict list [1.1016290990539801e-08, 5.758561487899383e-13, 1.0] the prediction is 2 ,corresponding animal is other animal

predict list [4.757605821284015e-25, 1.6479529135424925e-24, 1.0] the prediction is 2 ,corresponding animal is other animal

predict list [1.0402986515755787e-17, 3.530591729243228e-18, 1.0] the prediction is 2 ,corresponding animal is other animal

predict list [6.2841285684585e-39, 2.8903202186314935e-22, 1.0] the prediction is 2 ,corresponding animal is other animal

predict list [0.00031421202584169805, 0.0009051943197846413, 0.9987805485725403] the prediction is 2 ,corresponding animal is other animal

